Sat Apr 21 02:14:51 AST 2018 : Apache Derby Network Server - 10.11.1.2 - (1629631) started and ready to accept connections on port 1527
Sat Apr 21 02:19:57 AST 2018 Thread[DRDAConnThread_2,5,main] Cleanup action starting
java.sql.SQLException: Database 'spaSystem1' not found.
	at org.apache.derby.impl.jdbc.SQLExceptionFactory.getSQLException(Unknown Source)
	at org.apache.derby.impl.jdbc.SQLExceptionFactory.getSQLException(Unknown Source)
	at org.apache.derby.impl.jdbc.Util.generateCsSQLException(Unknown Source)
	at org.apache.derby.impl.jdbc.Util.generateCsSQLException(Unknown Source)
	at org.apache.derby.impl.jdbc.EmbedConnection.newSQLException(Unknown Source)
	at org.apache.derby.impl.jdbc.EmbedConnection.handleDBNotFound(Unknown Source)
	at org.apache.derby.impl.jdbc.EmbedConnection.<init>(Unknown Source)
	at org.apache.derby.jdbc.InternalDriver.getNewEmbedConnection(Unknown Source)
	at org.apache.derby.jdbc.InternalDriver.connect(Unknown Source)
	at org.apache.derby.jdbc.InternalDriver.connect(Unknown Source)
	at org.apache.derby.jdbc.EmbeddedDriver.connect(Unknown Source)
	at org.apache.derby.impl.drda.Database.makeConnection(Unknown Source)
	at org.apache.derby.impl.drda.DRDAConnThread.getConnFromDatabaseName(Unknown Source)
	at org.apache.derby.impl.drda.DRDAConnThread.verifyUserIdPassword(Unknown Source)
	at org.apache.derby.impl.drda.DRDAConnThread.parseSECCHK(Unknown Source)
	at org.apache.derby.impl.drda.DRDAConnThread.parseDRDAConnection(Unknown Source)
	at org.apache.derby.impl.drda.DRDAConnThread.processCommands(Unknown Source)
	at org.apache.derby.impl.drda.DRDAConnThread.run(Unknown Source)
Caused by: ERROR XJ004: Database 'spaSystem1' not found.
	at org.apache.derby.iapi.error.StandardException.newException(Unknown Source)
	at org.apache.derby.impl.jdbc.SQLExceptionFactory.wrapArgsForTransportAcrossDRDA(Unknown Source)
	... 18 more
============= begin nested exception, level (1) ===========
ERROR XJ004: Database 'spaSystem1' not found.
	at org.apache.derby.iapi.error.StandardException.newException(Unknown Source)
	at org.apache.derby.impl.jdbc.SQLExceptionFactory.wrapArgsForTransportAcrossDRDA(Unknown Source)
	at org.apache.derby.impl.jdbc.SQLExceptionFactory.getSQLException(Unknown Source)
	at org.apache.derby.impl.jdbc.SQLExceptionFactory.getSQLException(Unknown Source)
	at org.apache.derby.impl.jdbc.Util.generateCsSQLException(Unknown Source)
	at org.apache.derby.impl.jdbc.Util.generateCsSQLException(Unknown Source)
	at org.apache.derby.impl.jdbc.EmbedConnection.newSQLException(Unknown Source)
	at org.apache.derby.impl.jdbc.EmbedConnection.handleDBNotFound(Unknown Source)
	at org.apache.derby.impl.jdbc.EmbedConnection.<init>(Unknown Source)
	at org.apache.derby.jdbc.InternalDriver.getNewEmbedConnection(Unknown Source)
	at org.apache.derby.jdbc.InternalDriver.connect(Unknown Source)
	at org.apache.derby.jdbc.InternalDriver.connect(Unknown Source)
	at org.apache.derby.jdbc.EmbeddedDriver.connect(Unknown Source)
	at org.apache.derby.impl.drda.Database.makeConnection(Unknown Source)
	at org.apache.derby.impl.drda.DRDAConnThread.getConnFromDatabaseName(Unknown Source)
	at org.apache.derby.impl.drda.DRDAConnThread.verifyUserIdPassword(Unknown Source)
	at org.apache.derby.impl.drda.DRDAConnThread.parseSECCHK(Unknown Source)
	at org.apache.derby.impl.drda.DRDAConnThread.parseDRDAConnection(Unknown Source)
	at org.apache.derby.impl.drda.DRDAConnThread.processCommands(Unknown Source)
	at org.apache.derby.impl.drda.DRDAConnThread.run(Unknown Source)
============= end nested exception, level (1) ===========
Cleanup action completed
Sat Apr 21 02:19:57 AST 2018 Thread[DRDAConnThread_2,5,main] (DATABASE = spaSystem1), (DRDAID = {1}), Database 'spaSystem1' not found.
----------------------------------------------------------------
Sat Apr 21 02:20:35 AST 2018:
Booting Derby version The Apache Software Foundation - Apache Derby - 10.11.1.2 - (1629631): instance a816c00e-0162-e556-c399-000045dfddc1 
on database directory C:\Users\snoom\Desktop\spa\spaSystem1 with class loader sun.misc.Launcher$AppClassLoader@1d44bcfa 
Loaded from file:/C:/Program%20Files/Java/jdk1.8.0_141/db/lib/derby.jar
java.vendor=Oracle Corporation
java.runtime.version=1.8.0_141-b15
user.dir=C:\Program Files\Java\jdk1.8.0_141\db
os.name=Windows 10
os.arch=amd64
os.version=10.0
derby.system.home=C:\Users\snoom\Desktop\spa
Database Class Loader started - derby.database.classpath=''
----------------------------------------------------------------
Sat Apr 21 02:20:40 AST 2018:
Shutting down instance a816c00e-0162-e556-c399-000045dfddc1 on database directory C:\Users\snoom\Desktop\spa\spaSystem1 with class loader sun.misc.Launcher$AppClassLoader@1d44bcfa 
Sat Apr 21 02:20:40 AST 2018 Thread[DRDAConnThread_2,5,main] (DATABASE = spaSystem1), (DRDAID = {3}), Database 'spaSystem1' shutdown.
----------------------------------------------------------------
Sat Apr 21 02:20:54 AST 2018:
Booting Derby version The Apache Software Foundation - Apache Derby - 10.11.1.2 - (1629631): instance a65c80ac-0162-e556-c399-000045dfddc1 
on database directory C:\Users\snoom\Desktop\spa\spaSystem1 with class loader sun.misc.Launcher$AppClassLoader@1d44bcfa 
Loaded from file:/C:/Program%20Files/Java/jdk1.8.0_141/db/lib/derby.jar
java.vendor=Oracle Corporation
java.runtime.version=1.8.0_141-b15
user.dir=C:\Program Files\Java\jdk1.8.0_141\db
os.name=Windows 10
os.arch=amd64
os.version=10.0
derby.system.home=C:\Users\snoom\Desktop\spa
Database Class Loader started - derby.database.classpath=''
----------------------------------------------------------------
Sat Apr 21 03:06:51 AST 2018:
Booting Derby version The Apache Software Foundation - Apache Derby - 10.11.1.2 - (1629631): instance c5044162-0162-e556-c399-000045dfddc1 
on database directory C:\Users\snoom\Desktop\spa\spa with class loader sun.misc.Launcher$AppClassLoader@1d44bcfa 
Loaded from file:/C:/Program%20Files/Java/jdk1.8.0_141/db/lib/derby.jar
java.vendor=Oracle Corporation
java.runtime.version=1.8.0_141-b15
user.dir=C:\Program Files\Java\jdk1.8.0_141\db
os.name=Windows 10
os.arch=amd64
os.version=10.0
derby.system.home=C:\Users\snoom\Desktop\spa
Database Class Loader started - derby.database.classpath=''
----------------------------------------------------------------
Sat Apr 21 15:30:44 AST 2018: Shutting down Derby engine
